Traceback (most recent call last):
  File "E:\Py\Delivery-System-III\backend\venv\Lib\site-packages\sqlalchemy\dialects\postgresql\asyncpg.py", line 550, in _prepare_and_execute
    self._rows = deque(await prepared_stmt.fetch(*parameters))
                       ^^^^^^^^^^^^^^^^^^^^^^^^^^^^^^^^^^^^^^
  File "E:\Py\Delivery-System-III\backend\venv\Lib\site-packages\asyncpg\prepared_stmt.py", line 177, in fetch
    data = await self.__bind_execute(args, 0, timeout)
           ^^^^^^^^^^^^^^^^^^^^^^^^^^^^^^^^^^^^^^^^^^^
  File "E:\Py\Delivery-System-III\backend\venv\Lib\site-packages\asyncpg\prepared_stmt.py", line 268, in __bind_execute
    data, status, _ = await self.__do_execute(
                      ^^^^^^^^^^^^^^^^^^^^^^^^
  File "E:\Py\Delivery-System-III\backend\venv\Lib\site-packages\asyncpg\prepared_stmt.py", line 257, in __do_execute
    return await executor(protocol)
           ^^^^^^^^^^^^^^^^^^^^^^^^
  File "asyncpg/protocol/protocol.pyx", line 205, in bind_execute
asyncpg.exceptions.UniqueViolationError: duplicate key value violates unique constraint "ix_order_sales_order_number"
DETAIL:  Key (sales_order_number)=(None) already exists.

The above exception was the direct cause of the following exception:

Traceback (most recent call last):
  File "E:\Py\Delivery-System-III\backend\venv\Lib\site-packages\sqlalchemy\engine\base.py", line 2125, in _exec_insertmany_context
    dialect.do_execute(
  File "E:\Py\Delivery-System-III\backend\venv\Lib\site-packages\sqlalchemy\engine\default.py", line 952, in do_execute
    cursor.execute(statement, parameters)
  File "E:\Py\Delivery-System-III\backend\venv\Lib\site-packages\sqlalchemy\dialects\postgresql\asyncpg.py", line 585, in execute
    self._adapt_connection.await_(
  File "E:\Py\Delivery-System-III\backend\venv\Lib\site-packages\sqlalchemy\util\_concurrency_py3k.py", line 132, in await_only
    return current.parent.switch(awaitable)  # type: ignore[no-any-return,attr-defined] # noqa: E501
           ^^^^^^^^^^^^^^^^^^^^^^^^^^^^^^^^
  File "E:\Py\Delivery-System-III\backend\venv\Lib\site-packages\sqlalchemy\util\_concurrency_py3k.py", line 196, in greenlet_spawn
    value = await result
            ^^^^^^^^^^^^
  File "E:\Py\Delivery-System-III\backend\venv\Lib\site-packages\sqlalchemy\dialects\postgresql\asyncpg.py", line 563, in _prepare_and_execute
    self._handle_exception(error)
  File "E:\Py\Delivery-System-III\backend\venv\Lib\site-packages\sqlalchemy\dialects\postgresql\asyncpg.py", line 513, in _handle_exception
    self._adapt_connection._handle_exception(error)
  File "E:\Py\Delivery-System-III\backend\venv\Lib\site-packages\sqlalchemy\dialects\postgresql\asyncpg.py", line 797, in _handle_exception
    raise translated_error from error
sqlalchemy.dialects.postgresql.asyncpg.AsyncAdapt_asyncpg_dbapi.IntegrityError: <class 'asyncpg.exceptions.UniqueViolationError'>: duplicate key value violates unique constraint "ix_order_sales_order_number"
DETAIL:  Key (sales_order_number)=(None) already exists.

The above exception was the direct cause of the following exception:

Traceback (most recent call last):
  File "E:\Py\Delivery-System-III\backend\app\api\v1\endpoints\orders.py", line 214, in import_orders
    await db.commit()
  File "E:\Py\Delivery-System-III\backend\venv\Lib\site-packages\sqlalchemy\ext\asyncio\session.py", line 1000, in commit
    await greenlet_spawn(self.sync_session.commit)
  File "E:\Py\Delivery-System-III\backend\venv\Lib\site-packages\sqlalchemy\util\_concurrency_py3k.py", line 203, in greenlet_spawn
    result = context.switch(value)
             ^^^^^^^^^^^^^^^^^^^^^
  File "E:\Py\Delivery-System-III\backend\venv\Lib\site-packages\sqlalchemy\orm\session.py", line 2030, in commit
    trans.commit(_to_root=True)
  File "<string>", line 2, in commit
  File "E:\Py\Delivery-System-III\backend\venv\Lib\site-packages\sqlalchemy\orm\state_changes.py", line 137, in _go
    ret_value = fn(self, *arg, **kw)
                ^^^^^^^^^^^^^^^^^^^^
  File "E:\Py\Delivery-System-III\backend\venv\Lib\site-packages\sqlalchemy\orm\session.py", line 1311, in commit
    self._prepare_impl()
  File "<string>", line 2, in _prepare_impl
  File "E:\Py\Delivery-System-III\backend\venv\Lib\site-packages\sqlalchemy\orm\state_changes.py", line 137, in _go
    ret_value = fn(self, *arg, **kw)
                ^^^^^^^^^^^^^^^^^^^^
  File "E:\Py\Delivery-System-III\backend\venv\Lib\site-packages\sqlalchemy\orm\session.py", line 1286, in _prepare_impl
    self.session.flush()
  File "E:\Py\Delivery-System-III\backend\venv\Lib\site-packages\sqlalchemy\orm\session.py", line 4331, in flush
    self._flush(objects)
  File "E:\Py\Delivery-System-III\backend\venv\Lib\site-packages\sqlalchemy\orm\session.py", line 4466, in _flush
    with util.safe_reraise():
  File "E:\Py\Delivery-System-III\backend\venv\Lib\site-packages\sqlalchemy\util\langhelpers.py", line 224, in __exit__
    raise exc_value.with_traceback(exc_tb)
  File "E:\Py\Delivery-System-III\backend\venv\Lib\site-packages\sqlalchemy\orm\session.py", line 4427, in _flush
    flush_context.execute()
  File "E:\Py\Delivery-System-III\backend\venv\Lib\site-packages\sqlalchemy\orm\unitofwork.py", line 466, in execute
    rec.execute(self)
  File "E:\Py\Delivery-System-III\backend\venv\Lib\site-packages\sqlalchemy\orm\unitofwork.py", line 642, in execute
    util.preloaded.orm_persistence.save_obj(
  File "E:\Py\Delivery-System-III\backend\venv\Lib\site-packages\sqlalchemy\orm\persistence.py", line 93, in save_obj
    _emit_insert_statements(
  File "E:\Py\Delivery-System-III\backend\venv\Lib\site-packages\sqlalchemy\orm\persistence.py", line 1143, in _emit_insert_statements
    result = connection.execute(
             ^^^^^^^^^^^^^^^^^^^
  File "E:\Py\Delivery-System-III\backend\venv\Lib\site-packages\sqlalchemy\engine\base.py", line 1419, in execute
    return meth(
           ^^^^^
  File "E:\Py\Delivery-System-III\backend\venv\Lib\site-packages\sqlalchemy\sql\elements.py", line 527, in _execute_on_connection
    return connection._execute_clauseelement(
           ^^^^^^^^^^^^^^^^^^^^^^^^^^^^^^^^^^
  File "E:\Py\Delivery-System-III\backend\venv\Lib\site-packages\sqlalchemy\engine\base.py", line 1641, in _execute_clauseelement
    ret = self._execute_context(
          ^^^^^^^^^^^^^^^^^^^^^^
  File "E:\Py\Delivery-System-III\backend\venv\Lib\site-packages\sqlalchemy\engine\base.py", line 1844, in _execute_context
    return self._exec_insertmany_context(dialect, context)
           ^^^^^^^^^^^^^^^^^^^^^^^^^^^^^^^^^^^^^^^^^^^^^^^
  File "E:\Py\Delivery-System-III\backend\venv\Lib\site-packages\sqlalchemy\engine\base.py", line 2133, in _exec_insertmany_context
    self._handle_dbapi_exception(
  File "E:\Py\Delivery-System-III\backend\venv\Lib\site-packages\sqlalchemy\engine\base.py", line 2363, in _handle_dbapi_exception
    raise sqlalchemy_exception.with_traceback(exc_info[2]) from e
  File "E:\Py\Delivery-System-III\backend\venv\Lib\site-packages\sqlalchemy\engine\base.py", line 2125, in _exec_insertmany_context
    dialect.do_execute(
  File "E:\Py\Delivery-System-III\backend\venv\Lib\site-packages\sqlalchemy\engine\default.py", line 952, in do_execute
    cursor.execute(statement, parameters)
  File "E:\Py\Delivery-System-III\backend\venv\Lib\site-packages\sqlalchemy\dialects\postgresql\asyncpg.py", line 585, in execute
    self._adapt_connection.await_(
  File "E:\Py\Delivery-System-III\backend\venv\Lib\site-packages\sqlalchemy\util\_concurrency_py3k.py", line 132, in await_only
    return current.parent.switch(awaitable)  # type: ignore[no-any-return,attr-defined] # noqa: E501
           ^^^^^^^^^^^^^^^^^^^^^^^^^^^^^^^^
  File "E:\Py\Delivery-System-III\backend\venv\Lib\site-packages\sqlalchemy\util\_concurrency_py3k.py", line 196, in greenlet_spawn
    value = await result
            ^^^^^^^^^^^^
  File "E:\Py\Delivery-System-III\backend\venv\Lib\site-packages\sqlalchemy\dialects\postgresql\asyncpg.py", line 563, in _prepare_and_execute
    self._handle_exception(error)
  File "E:\Py\Delivery-System-III\backend\venv\Lib\site-packages\sqlalchemy\dialects\postgresql\asyncpg.py", line 513, in _handle_exception
    self._adapt_connection._handle_exception(error)
  File "E:\Py\Delivery-System-III\backend\venv\Lib\site-packages\sqlalchemy\dialects\postgresql\asyncpg.py", line 797, in _handle_exception
    raise translated_error from error
sqlalchemy.exc.IntegrityError: (sqlalchemy.dialects.postgresql.asyncpg.IntegrityError) <class 'asyncpg.exceptions.UniqueViolationError'>: duplicate key value violates unique constraint "ix_order_sales_order_number"
DETAIL:  Key (sales_order_number)=(None) already exists.
[SQL: INSERT INTO "order" (sales_order_number, customer_info, status, payment_method, total_amount, warehouse_id, driver_id, created_at, updated_at) SELECT p0::VARCHAR, p1::JSONB, p2::VARCHAR, p3::VARCHAR, p4::FLOAT, p5::INTEGER, p6::INTEGER, p7::TIMESTAMP ... 148844 characters truncated ...  p3, p4, p5, p6, p7, p8, sen_counter) ORDER BY sen_counter RETURNING "order".id, "order".id AS id__1]
[parameters: ('None', '{"name": null, "phone": null, "address": null, "area": null}', <OrderStatus.PENDING: 'pending'>, 'CASH', 0.0, 1, None, datetime.datetime(2026, 1, 26, 9, 14, 20, 608332), datetime.datetime(2026, 1, 26, 9, 14, 20, 608332), 'None', '{"name": null, "phone": null, "address": null, "area": null}', <OrderStatus.PENDING: 'pending'>, 'CASH', 0.0, 1, None, datetime.datetime(2026, 1, 26, 9, 14, 20, 608332), datetime.datetime(2026, 1, 26, 9, 14, 20, 608332), 'None', '{"name": null, "phone": null, "address": null, "area": null}', <OrderStatus.PENDING: 'pending'>, 'CASH', 0.0, 1, None, datetime.datetime(2026, 1, 26, 9, 14, 20, 608332), datetime.datetime(2026, 1, 26, 9, 14, 20, 608332), 'None', '{"name": null, "phone": null, "address": null, "area": null}', <OrderStatus.PENDING: 'pending'>, 'CASH', 0.0, 1, None, datetime.datetime(2026, 1, 26, 9, 14, 20, 608332), datetime.datetime(2026, 1, 26, 9, 14, 20, 608332), 'None', '{"name": null, "phone": null, "address": null, "area": null}', <OrderStatus.PENDING: 'pending'>, 'CASH', 0.0, 1, None, datetime.datetime(2026, 1, 26, 9, 14, 20, 608332), datetime.datetime(2026, 1, 26, 9, 14, 20, 608332), 'None', '{"name": null, "phone": null, "address": null, "area": null}', <OrderStatus.PENDING: 'pending'>, 'CASH', 0.0 ... 7118 parameters truncated ... 0.0, 1, None, datetime.datetime(2026, 1, 26, 9, 14, 20, 608914), datetime.datetime(2026, 1, 26, 9, 14, 20, 608914), 'None', '{"name": null, "phone": null, "address": null, "area": null}', <OrderStatus.PENDING: 'pending'>, 'CASH', 0.0, 1, None, datetime.datetime(2026, 1, 26, 9, 14, 20, 608914), datetime.datetime(2026, 1, 26, 9, 14, 20, 608914), 'None', '{"name": null, "phone": null, "address": null, "area": null}', <OrderStatus.PENDING: 'pending'>, 'CASH', 0.0, 1, None, datetime.datetime(2026, 1, 26, 9, 14, 20, 608914), datetime.datetime(2026, 1, 26, 9, 14, 20, 608914), 'None', '{"name": null, "phone": null, "address": null, "area": null}', <OrderStatus.PENDING: 'pending'>, 'CASH', 0.0, 1, None, datetime.datetime(2026, 1, 26, 9, 14, 20, 608914), datetime.datetime(2026, 1, 26, 9, 14, 20, 608914), 'None', '{"name": null, "phone": null, "address": null, "area": null}', <OrderStatus.PENDING: 'pending'>, 'CASH', 0.0, 1, None, datetime.datetime(2026, 1, 26, 9, 14, 20, 608914), datetime.datetime(2026, 1, 26, 9, 14, 20, 608914), 'None', '{"name": null, "phone": null, "address": null, "area": null}', <OrderStatus.PENDING: 'pending'>, 'CASH', 0.0, 1, None, datetime.datetime(2026, 1, 26, 9, 14, 20, 608914), datetime.datetime(2026, 1, 26, 9, 14, 20, 608914))]
(Background on this error at: https://sqlalche.me/e/20/gkpj)
